type	timestamp	epoch	step	train_accuracy	predict_labels	actual_labels
train	20200410123354	0	1	0.375	[1 1 1 1 1 1 1 1]	[2 2 1 1 2 2 1 2]
train	20200410123405	0	2	0.4375	[1 2 1 1 2 1 2 1]	[0 2 0 0 2 1 2 0]
train	20200410123417	0	3	0.5	[1 1 1 2 2 0 1 2]	[1 0 1 2 2 1 0 2]
train	20200410123428	0	4	0.53125	[0 0 2 2 2 1 1 2]	[1 1 2 2 2 0 1 2]
train	20200410123438	0	5	0.6	[0 2 2 0 0 0 0 2]	[0 2 2 0 0 1 0 2]
train	20200410123448	0	6	0.625	[2 0 0 0 0 2 2 1]	[2 1 0 0 0 2 2 2]
train	20200410123459	0	7	0.6785714	[2 0 2 0 2 0 0 2]	[2 0 2 0 2 0 0 2]
train	20200410123509	0	8	0.6875	[0 2 2 2 0 2 1 2]	[0 2 2 2 1 2 2 2]
train	20200410123520	0	9	0.6805556	[2 2 0 0 0 2 0 0]	[2 2 1 0 0 2 1 1]
train	20200410123531	0	10	0.675	[2 1 2 2 2 1 1 2]	[2 0 2 2 2 0 2 2]
train	20200410123542	0	11	0.70454544	[0 2 2 2 0 2 1 1]	[0 2 2 2 0 2 1 1]
train	20200410123553	0	12	0.7083333	[0 0 2 1 0 2 2 1]	[0 0 2 0 0 2 2 0]
train	20200410123605	0	13	0.72115386	[2 2 0 2 1 2 2 2]	[2 2 1 2 1 2 2 2]
train	20200410123616	0	14	0.70535713	[0 0 0 2 1 1 2 2]	[1 1 0 1 1 1 2 1]
train	20200410123627	0	15	0.725	[0 2 2 2 0 2 2 1]	[0 2 2 2 0 2 2 1]
train	20200410123637	0	16	0.734375	[0 2 2 0 2 0 2 2]	[1 2 2 0 2 0 2 2]
train	20200410123648	0	17	0.75	[0 0 2 0 2 1 2 2]	[0 0 2 0 2 1 2 2]
train	20200410123658	0	18	0.7638889	[2 0 2 2 0 0 2 0]	[2 0 2 2 0 0 2 0]
train	20200410123708	0	19	0.7763158	[2 1 1 0 2 0 2 2]	[2 1 1 0 2 0 2 2]
train	20200410123719	0	20	0.78125	[0 2 0 2 0 1 2 2]	[1 2 0 2 0 1 2 2]
train	20200410123729	0	21	0.7797619	[1 2 1 2 2 2 2 2]	[0 2 0 2 2 2 2 2]
train	20200410123739	0	22	0.78409094	[2 2 0 0 1 2 0 1]	[2 2 0 0 1 2 0 0]
train	20200410123750	0	23	0.79347825	[2 1 1 0 0 2 2 1]	[2 1 1 0 0 2 2 1]
train	20200410123800	0	24	0.78125	[1 2 1 0 2 0 1 2]	[1 1 1 1 2 1 1 1]
train	20200410123811	0	25	0.78	[2 1 0 2 1 1 1 0]	[2 1 0 1 0 1 1 0]
train	20200410123821	0	26	0.78846157	[2 2 0 2 0 0 2 2]	[2 2 0 2 0 0 2 2]
train	20200410123831	0	27	0.7962963	[1 0 2 0 1 0 2 1]	[1 0 2 0 1 0 2 1]
train	20200410123842	0	28	0.79464287	[0 0 0 1 2 0 2 2]	[0 0 0 1 1 0 1 2]
train	20200410123852	0	29	0.80172414	[1 0 1 1 0 2 0 0]	[1 0 1 1 0 2 0 0]
train	20200410123902	0	30	0.8041667	[1 0 2 0 1 2 2 0]	[1 0 2 1 1 2 2 0]
train	20200410123913	0	31	0.80241936	[2 0 2 2 2 2 0 0]	[2 1 2 2 2 2 0 1]
train	20200410123923	0	32	0.80859375	[1 1 1 1 1 2 2 0]	[1 1 1 1 1 2 2 0]
train	20200410123933	0	33	0.8068182	[2 1 0 2 2 0 1 0]	[2 1 1 2 2 1 1 0]
train	20200410123944	0	34	0.8125	[2 1 2 0 2 1 2 0]	[2 1 2 0 2 1 2 0]
train	20200410123955	0	35	0.8142857	[0 0 1 2 2 0 2 2]	[1 0 1 2 2 0 2 2]
train	20200410124005	0	36	0.8194444	[2 1 2 1 0 2 2 2]	[2 1 2 1 0 2 2 2]
train	20200410124016	0	37	0.8108108	[2 1 2 2 1 2 0 1]	[2 2 2 2 2 2 1 2]
train	20200410124026	0	38	0.8125	[2 2 2 1 1 1 1 2]	[2 2 2 1 1 0 1 2]
train	20200410124037	0	39	0.8108974	[2 1 2 1 2 1 2 2]	[2 0 2 0 2 1 2 2]
train	20200410124048	0	40	0.809375	[2 1 1 1 2 1 2 1]	[2 1 1 1 2 0 2 0]
train	20200410124058	0	41	0.80487806	[1 1 1 1 2 1 2 1]	[1 1 0 0 2 0 2 1]
train	20200410124109	0	42	0.8095238	[2 0 0 2 1 1 2 2]	[2 0 0 2 1 1 2 2]
train	20200410124119	0	43	0.81104654	[1 0 1 0 2 2 2 0]	[0 0 1 0 2 2 2 0]
train	20200410124129	0	44	0.8068182	[2 2 1 1 0 1 2 2]	[2 2 2 2 0 2 2 2]
train	20200410124140	0	45	0.8055556	[2 0 0 0 2 2 2 2]	[2 1 0 1 2 2 2 2]
train	20200410124150	0	46	0.80163044	[2 0 2 1 0 1 0 0]	[2 0 2 2 0 2 1 0]
train	20200410124200	0	47	0.8031915	[2 0 2 0 1 2 0 1]	[2 0 2 0 1 2 1 1]
train	20200410124211	0	48	0.8072917	[2 0 1 0 0 0 2 1]	[2 0 1 0 0 0 2 1]
train	20200410124222	0	49	0.81122446	[0 2 2 0 0 2 2 2]	[0 2 2 0 0 2 2 2]
train	20200410124232	0	50	0.8075	[0 0 2 2 2 0 0 0]	[0 1 2 2 2 1 1 0]
train	20200410124243	0	51	0.8088235	[0 2 2 2 0 0 2 0]	[0 2 2 2 1 0 2 0]
train	20200410124255	0	52	0.8125	[0 2 2 0 0 0 0 1]	[0 2 2 0 0 0 0 1]
train	20200410124307	0	53	0.8160377	[0 0 1 2 1 1 0 2]	[0 0 1 2 1 1 0 2]
train	20200410124318	0	54	0.8194444	[0 2 2 1 1 0 2 0]	[0 2 2 1 1 0 2 0]
train	20200410124330	0	55	0.82272726	[0 1 2 0 1 2 2 0]	[0 1 2 0 1 2 2 0]
train	20200410124341	0	56	0.82366073	[2 0 2 2 2 0 2 2]	[2 1 2 2 2 0 2 2]
train	20200410124354	0	57	0.8267544	[2 2 0 1 0 0 0 1]	[2 2 0 1 0 0 0 1]
train	20200410124403	0	58	0.8286334	[2 2 0 1 0]	[2 2 0 1 0]
train	20200410124538	1	1	0.875	[2 2 1 1 2 2 0 2]	[2 2 1 1 2 2 1 2]
train	20200410124550	1	2	0.9375	[0 2 0 0 2 1 2 0]	[0 2 0 0 2 1 2 0]
train	20200410124601	1	3	0.9583333	[1 0 1 2 2 1 0 2]	[1 0 1 2 2 1 0 2]
train	20200410124615	1	4	0.9375	[1 1 2 2 2 0 0 2]	[1 1 2 2 2 0 1 2]
train	20200410124626	1	5	0.9	[1 2 2 0 0 1 1 2]	[0 2 2 0 0 1 0 2]
train	20200410124637	1	6	0.9166667	[2 1 0 0 0 2 2 2]	[2 1 0 0 0 2 2 2]
train	20200410124648	1	7	0.9285714	[2 0 2 0 2 0 0 2]	[2 0 2 0 2 0 0 2]
train	20200410124659	1	8	0.921875	[0 2 2 2 0 2 2 2]	[0 2 2 2 1 2 2 2]
train	20200410124711	1	9	0.9305556	[2 2 1 0 0 2 1 1]	[2 2 1 0 0 2 1 1]
train	20200410124722	1	10	0.925	[2 1 2 2 2 0 2 2]	[2 0 2 2 2 0 2 2]
train	20200410124733	1	11	0.9318182	[0 2 2 2 0 2 1 1]	[0 2 2 2 0 2 1 1]
train	20200410124745	1	12	0.90625	[0 0 2 1 1 2 2 1]	[0 0 2 0 0 2 2 0]
train	20200410124756	1	13	0.90384614	[2 2 0 2 1 2 2 2]	[2 2 1 2 1 2 2 2]
train	20200410124808	1	14	0.90178573	[0 1 0 1 1 1 2 1]	[1 1 0 1 1 1 2 1]
train	20200410124820	1	15	0.90833336	[0 2 2 2 0 2 2 1]	[0 2 2 2 0 2 2 1]
train	20200410124832	1	16	0.9140625	[1 2 2 0 2 0 2 2]	[1 2 2 0 2 0 2 2]
train	20200410124843	1	17	0.9191176	[0 0 2 0 2 1 2 2]	[0 0 2 0 2 1 2 2]
train	20200410124855	1	18	0.9236111	[2 0 2 2 0 0 2 0]	[2 0 2 2 0 0 2 0]
train	20200410124906	1	19	0.92763156	[2 1 1 0 2 0 2 2]	[2 1 1 0 2 0 2 2]
train	20200410124918	1	20	0.925	[1 2 0 2 0 0 2 2]	[1 2 0 2 0 1 2 2]
train	20200410124928	1	21	0.9285714	[0 2 0 2 2 2 2 2]	[0 2 0 2 2 2 2 2]
train	20200410124940	1	22	0.9318182	[2 2 0 0 1 2 0 0]	[2 2 0 0 1 2 0 0]
train	20200410124951	1	23	0.9347826	[2 1 1 0 0 2 2 1]	[2 1 1 0 0 2 2 1]
train	20200410125003	1	24	0.9114583	[1 2 0 0 2 0 1 2]	[1 1 1 1 2 1 1 1]
train	20200410125014	1	25	0.915	[2 1 0 1 0 1 1 0]	[2 1 0 1 0 1 1 0]
train	20200410125025	1	26	0.91346157	[2 2 1 2 0 0 2 2]	[2 2 0 2 0 0 2 2]
train	20200410125037	1	27	0.912037	[1 0 2 0 0 0 2 1]	[1 0 2 0 1 0 2 1]
train	20200410125048	1	28	0.9151786	[0 0 0 1 1 0 1 2]	[0 0 0 1 1 0 1 2]
train	20200410125059	1	29	0.9094828	[2 0 1 2 0 2 0 0]	[1 0 1 1 0 2 0 0]
train	20200410125109	1	30	0.90833336	[1 0 2 0 1 2 2 0]	[1 0 2 1 1 2 2 0]
train	20200410125121	1	31	0.9072581	[2 1 2 2 2 2 0 0]	[2 1 2 2 2 2 0 1]
train	20200410125419	1	32	0.91015625	[1 1 1 1 1 2 2 0]	[1 1 1 1 1 2 2 0]
train	20200410125429	1	33	0.9128788	[2 1 1 2 2 1 1 0]	[2 1 1 2 2 1 1 0]
train	20200410125440	1	34	0.9080882	[2 1 2 1 2 1 2 1]	[2 1 2 0 2 1 2 0]
train	20200410125450	1	35	0.9071429	[1 1 1 2 2 0 2 2]	[1 0 1 2 2 0 2 2]
train	20200410125501	1	36	0.90625	[2 1 2 1 1 2 2 2]	[2 1 2 1 0 2 2 2]
train	20200410125512	1	37	0.9054054	[2 2 2 2 1 2 1 2]	[2 2 2 2 2 2 1 2]
train	20200410125522	1	38	0.90789473	[2 2 2 1 1 0 1 2]	[2 2 2 1 1 0 1 2]
train	20200410125532	1	39	0.90384614	[2 0 1 0 2 0 2 2]	[2 0 2 0 2 1 2 2]
train	20200410125543	1	40	0.90625	[2 1 1 1 2 0 2 0]	[2 1 1 1 2 0 2 0]
train	20200410125553	1	41	0.9085366	[1 1 0 0 2 0 2 1]	[1 1 0 0 2 0 2 1]
train	20200410125603	1	42	0.91071427	[2 0 0 2 1 1 2 2]	[2 0 0 2 1 1 2 2]
train	20200410125613	1	43	0.9127907	[0 0 1 0 2 2 2 0]	[0 0 1 0 2 2 2 0]
train	20200410125635	1	44	0.90909094	[2 2 1 1 0 2 2 2]	[2 2 2 2 0 2 2 2]
train	20200410125644	1	45	0.9027778	[2 0 0 0 2 2 1 2]	[2 1 0 1 2 2 2 2]
train	20200410125656	1	46	0.9048913	[2 0 2 2 0 2 1 0]	[2 0 2 2 0 2 1 0]
train	20200410125707	1	47	0.9069149	[2 0 2 0 1 2 1 1]	[2 0 2 0 1 2 1 1]
train	20200410125717	1	48	0.9088542	[2 0 1 0 0 0 2 1]	[2 0 1 0 0 0 2 1]
train	20200410125727	1	49	0.91071427	[0 2 2 0 0 2 2 2]	[0 2 2 0 0 2 2 2]
train	20200410125738	1	50	0.91	[0 1 2 2 2 0 1 0]	[0 1 2 2 2 1 1 0]
train	20200410125749	1	51	0.90931374	[0 2 2 2 0 0 2 0]	[0 2 2 2 1 0 2 0]
train	20200410125800	1	52	0.90865386	[0 2 2 0 0 1 0 1]	[0 2 2 0 0 0 0 1]
train	20200410125810	1	53	0.9103774	[0 0 1 2 1 1 0 2]	[0 0 1 2 1 1 0 2]
train	20200410125820	1	54	0.912037	[0 2 2 1 1 0 2 0]	[0 2 2 1 1 0 2 0]
train	20200410125834	1	55	0.9136364	[0 1 2 0 1 2 2 0]	[0 1 2 0 1 2 2 0]
train	20200410125844	1	56	0.9151786	[2 1 2 2 2 0 2 2]	[2 1 2 2 2 0 2 2]
train	20200410125857	1	57	0.9100877	[2 2 1 1 1 1 0 1]	[2 2 0 1 0 0 0 1]
train	20200410125903	1	58	0.9110629	[2 2 0 1 0]	[2 2 0 1 0]
train	20200410130116	2	1	0.75	[2 2 1 0 2 2 0 2]	[2 2 1 1 2 2 1 2]
train	20200410130126	2	2	0.8125	[1 2 0 0 2 1 2 0]	[0 2 0 0 2 1 2 0]
train	20200410130137	2	3	0.875	[1 0 1 2 2 1 0 2]	[1 0 1 2 2 1 0 2]
train	20200410130147	2	4	0.90625	[1 1 2 2 2 0 1 2]	[1 1 2 2 2 0 1 2]
train	20200410130157	2	5	0.925	[0 2 2 0 0 1 0 2]	[0 2 2 0 0 1 0 2]
train	20200410130208	2	6	0.9375	[2 1 0 0 0 2 2 2]	[2 1 0 0 0 2 2 2]
train	20200410130218	2	7	0.9464286	[2 0 2 0 2 0 0 2]	[2 0 2 0 2 0 0 2]
train	20200410130228	2	8	0.921875	[0 2 2 2 0 2 1 2]	[0 2 2 2 1 2 2 2]
train	20200410130239	2	9	0.9166667	[2 2 1 0 0 2 1 0]	[2 2 1 0 0 2 1 1]
train	20200410130250	2	10	0.925	[2 0 2 2 2 0 2 2]	[2 0 2 2 2 0 2 2]
train	20200410130301	2	11	0.9318182	[0 2 2 2 0 2 1 1]	[0 2 2 2 0 2 1 1]
train	20200410130314	2	12	0.9375	[0 0 2 0 0 2 2 0]	[0 0 2 0 0 2 2 0]
train	20200410130328	2	13	0.9423077	[2 2 1 2 1 2 2 2]	[2 2 1 2 1 2 2 2]
train	20200410130343	2	14	0.9464286	[1 1 0 1 1 1 2 1]	[1 1 0 1 1 1 2 1]
train	20200410130402	2	15	0.95	[0 2 2 2 0 2 2 1]	[0 2 2 2 0 2 2 1]
train	20200410130421	2	16	0.9453125	[1 2 2 1 2 0 2 2]	[1 2 2 0 2 0 2 2]
train	20200410130439	2	17	0.9411765	[0 0 2 1 2 1 2 2]	[0 0 2 0 2 1 2 2]
train	20200410130450	2	18	0.9305556	[2 1 2 2 0 1 2 0]	[2 0 2 2 0 0 2 0]
train	20200410130500	2	19	0.92763156	[2 1 0 0 2 0 2 2]	[2 1 1 0 2 0 2 2]
train	20200410130511	2	20	0.91875	[0 2 0 2 0 0 2 2]	[1 2 0 2 0 1 2 2]
train	20200410130521	2	21	0.92261904	[0 2 0 2 2 2 2 2]	[0 2 0 2 2 2 2 2]
train	20200410130531	2	22	0.9261364	[2 2 0 0 1 2 0 0]	[2 2 0 0 1 2 0 0]
train	20200410130542	2	23	0.9293478	[2 1 1 0 0 2 2 1]	[2 1 1 0 0 2 2 1]
train	20200410130552	2	24	0.9166667	[1 1 0 0 2 0 1 1]	[1 1 1 1 2 1 1 1]
train	20200410130603	2	25	0.92	[2 1 0 1 0 1 1 0]	[2 1 0 1 0 1 1 0]
train	20200410130615	2	26	0.9230769	[2 2 0 2 0 0 2 2]	[2 2 0 2 0 0 2 2]
train	20200410130626	2	27	0.9259259	[1 0 2 0 1 0 2 1]	[1 0 2 0 1 0 2 1]
train	20200410130638	2	28	0.92410713	[0 0 1 1 1 0 1 2]	[0 0 0 1 1 0 1 2]
train	20200410130650	2	29	0.92672414	[1 0 1 1 0 2 0 0]	[1 0 1 1 0 2 0 0]
train	20200410130702	2	30	0.925	[1 0 2 0 1 2 2 0]	[1 0 2 1 1 2 2 0]
train	20200410130715	2	31	0.9233871	[2 1 2 2 2 2 0 0]	[2 1 2 2 2 2 0 1]
train	20200410130727	2	32	0.92578125	[1 1 1 1 1 2 2 0]	[1 1 1 1 1 2 2 0]
train	20200410130738	2	33	0.9280303	[2 1 1 2 2 1 1 0]	[2 1 1 2 2 1 1 0]
train	20200410130748	2	34	0.93014705	[2 1 2 0 2 1 2 0]	[2 1 2 0 2 1 2 0]
train	20200410130759	2	35	0.93214285	[1 0 1 2 2 0 2 2]	[1 0 1 2 2 0 2 2]
train	20200410130809	2	36	0.9305556	[2 1 2 1 1 2 2 2]	[2 1 2 1 0 2 2 2]
train	20200410130820	2	37	0.9324324	[2 2 2 2 2 2 1 2]	[2 2 2 2 2 2 1 2]
train	20200410130830	2	38	0.93421054	[2 2 2 1 1 0 1 2]	[2 2 2 1 1 0 1 2]
train	20200410130841	2	39	0.9358974	[2 0 2 0 2 1 2 2]	[2 0 2 0 2 1 2 2]
train	20200410130851	2	40	0.9375	[2 1 1 1 2 0 2 0]	[2 1 1 1 2 0 2 0]
train	20200410130901	2	41	0.9390244	[1 1 0 0 2 0 2 1]	[1 1 0 0 2 0 2 1]
train	20200410130912	2	42	0.9404762	[2 0 0 2 1 1 2 2]	[2 0 0 2 1 1 2 2]
train	20200410130922	2	43	0.93895346	[1 0 1 0 2 2 2 0]	[0 0 1 0 2 2 2 0]
train	20200410130932	2	44	0.9375	[2 2 2 1 0 2 2 2]	[2 2 2 2 0 2 2 2]
train	20200410130943	2	45	0.9388889	[2 1 0 1 2 2 2 2]	[2 1 0 1 2 2 2 2]
train	20200410130953	2	46	0.9402174	[2 0 2 2 0 2 1 0]	[2 0 2 2 0 2 1 0]
train	20200410131003	2	47	0.94148934	[2 0 2 0 1 2 1 1]	[2 0 2 0 1 2 1 1]
train	20200410131014	2	48	0.9427083	[2 0 1 0 0 0 2 1]	[2 0 1 0 0 0 2 1]
train	20200410131028	2	49	0.9438776	[0 2 2 0 0 2 2 2]	[0 2 2 0 0 2 2 2]
train	20200410131043	2	50	0.945	[0 1 2 2 2 1 1 0]	[0 1 2 2 2 1 1 0]
train	20200410131057	2	51	0.9460784	[0 2 2 2 1 0 2 0]	[0 2 2 2 1 0 2 0]
train	20200410131110	2	52	0.94711536	[0 2 2 0 0 0 0 1]	[0 2 2 0 0 0 0 1]
train	20200410131122	2	53	0.9481132	[0 0 1 2 1 1 0 2]	[0 0 1 2 1 1 0 2]
train	20200410131135	2	54	0.9490741	[0 2 2 1 1 0 2 0]	[0 2 2 1 1 0 2 0]
train	20200410131147	2	55	0.95	[0 1 2 0 1 2 2 0]	[0 1 2 0 1 2 2 0]
train	20200410131159	2	56	0.95089287	[2 1 2 2 2 0 2 2]	[2 1 2 2 2 0 2 2]
train	20200410131210	2	57	0.9517544	[2 2 0 1 0 0 0 1]	[2 2 0 1 0 0 0 1]
train	20200410131218	2	58	0.95227766	[2 2 0 1 0]	[2 2 0 1 0]
train	20200410131352	3	1	0.75	[2 2 1 0 2 2 0 2]	[2 2 1 1 2 2 1 2]
train	20200410131403	3	2	0.875	[0 2 0 0 2 1 2 0]	[0 2 0 0 2 1 2 0]
train	20200410131414	3	3	0.9166667	[1 0 1 2 2 1 0 2]	[1 0 1 2 2 1 0 2]
train	20200410131427	3	4	0.90625	[1 1 2 2 2 0 0 2]	[1 1 2 2 2 0 1 2]
train	20200410131441	3	5	0.925	[0 2 2 0 0 1 0 2]	[0 2 2 0 0 1 0 2]
train	20200410131500	3	6	0.9375	[2 1 0 0 0 2 2 2]	[2 1 0 0 0 2 2 2]
train	20200410131514	3	7	0.9285714	[2 1 2 0 2 0 0 2]	[2 0 2 0 2 0 0 2]
train	20200410131524	3	8	0.9375	[0 2 2 2 1 2 2 2]	[0 2 2 2 1 2 2 2]
train	20200410131535	3	9	0.9444444	[2 2 1 0 0 2 1 1]	[2 2 1 0 0 2 1 1]
train	20200410131545	3	10	0.9375	[2 1 2 2 2 0 2 2]	[2 0 2 2 2 0 2 2]
train	20200410131604	3	11	0.9431818	[0 2 2 2 0 2 1 1]	[0 2 2 2 0 2 1 1]
train	20200410131624	3	12	0.9166667	[1 1 2 0 1 2 2 0]	[0 0 2 0 0 2 2 0]
train	20200410131635	3	13	0.9230769	[2 2 1 2 1 2 2 2]	[2 2 1 2 1 2 2 2]
train	20200410131645	3	14	0.9285714	[1 1 0 1 1 1 2 1]	[1 1 0 1 1 1 2 1]
train	20200410131656	3	15	0.93333334	[0 2 2 2 0 2 2 1]	[0 2 2 2 0 2 2 1]
train	20200410131706	3	16	0.9375	[1 2 2 0 2 0 2 2]	[1 2 2 0 2 0 2 2]
train	20200410131717	3	17	0.9338235	[0 0 2 0 2 2 2 2]	[0 0 2 0 2 1 2 2]
train	20200410131727	3	18	0.9375	[2 0 2 2 0 0 2 0]	[2 0 2 2 0 0 2 0]
train	20200410131738	3	19	0.94078946	[2 1 1 0 2 0 2 2]	[2 1 1 0 2 0 2 2]
train	20200410131748	3	20	0.9375	[1 2 0 2 0 0 2 2]	[1 2 0 2 0 1 2 2]
train	20200410131758	3	21	0.9404762	[0 2 0 2 2 2 2 2]	[0 2 0 2 2 2 2 2]
train	20200410131809	3	22	0.9431818	[2 2 0 0 1 2 0 0]	[2 2 0 0 1 2 0 0]
train	20200410131819	3	23	0.9347826	[2 0 1 0 0 2 2 0]	[2 1 1 0 0 2 2 1]
train	20200410131829	3	24	0.921875	[0 1 0 1 2 0 1 1]	[1 1 1 1 2 1 1 1]
train	20200410131840	3	25	0.925	[2 1 0 1 0 1 1 0]	[2 1 0 1 0 1 1 0]
train	20200410131850	3	26	0.92788464	[2 2 0 2 0 0 2 2]	[2 2 0 2 0 0 2 2]
train	20200410131902	3	27	0.9305556	[1 0 2 0 1 0 2 1]	[1 0 2 0 1 0 2 1]
train	20200410131914	3	28	0.93303573	[0 0 0 1 1 0 1 2]	[0 0 0 1 1 0 1 2]
train	20200410131925	3	29	0.9310345	[1 1 1 1 0 2 0 0]	[1 0 1 1 0 2 0 0]
train	20200410131936	3	30	0.93333334	[1 0 2 1 1 2 2 0]	[1 0 2 1 1 2 2 0]
train	20200410131947	3	31	0.9354839	[2 1 2 2 2 2 0 1]	[2 1 2 2 2 2 0 1]
train	20200410131958	3	32	0.9375	[1 1 1 1 1 2 2 0]	[1 1 1 1 1 2 2 0]
train	20200410132009	3	33	0.93939394	[2 1 1 2 2 1 1 0]	[2 1 1 2 2 1 1 0]
train	20200410132020	3	34	0.9411765	[2 1 2 0 2 1 2 0]	[2 1 2 0 2 1 2 0]
train	20200410132030	3	35	0.94285715	[1 0 1 2 2 0 2 2]	[1 0 1 2 2 0 2 2]
train	20200410132040	3	36	0.9444444	[2 1 2 1 0 2 2 2]	[2 1 2 1 0 2 2 2]
train	20200410132051	3	37	0.9425676	[2 2 2 1 2 2 1 2]	[2 2 2 2 2 2 1 2]
train	20200410132101	3	38	0.9440789	[2 2 2 1 1 0 1 2]	[2 2 2 1 1 0 1 2]
train	20200410132111	3	39	0.94551283	[2 0 2 0 2 1 2 2]	[2 0 2 0 2 1 2 2]
train	20200410132122	3	40	0.946875	[2 1 1 1 2 0 2 0]	[2 1 1 1 2 0 2 0]
train	20200410132132	3	41	0.9481707	[1 1 0 0 2 0 2 1]	[1 1 0 0 2 0 2 1]
train	20200410132143	3	42	0.9494048	[2 0 0 2 1 1 2 2]	[2 0 0 2 1 1 2 2]
train	20200410132153	3	43	0.9505814	[0 0 1 0 2 2 2 0]	[0 0 1 0 2 2 2 0]
train	20200410132203	3	44	0.9488636	[2 2 1 2 0 2 2 2]	[2 2 2 2 0 2 2 2]
train	20200410132214	3	45	0.95	[2 1 0 1 2 2 2 2]	[2 1 0 1 2 2 2 2]
train	20200410132224	3	46	0.95108694	[2 0 2 2 0 2 1 0]	[2 0 2 2 0 2 1 0]
train	20200410132234	3	47	0.95212764	[2 0 2 0 1 2 1 1]	[2 0 2 0 1 2 1 1]
train	20200410132348	3	48	0.953125	[2 0 1 0 0 0 2 1]	[2 0 1 0 0 0 2 1]
train	20200410132356	3	49	0.95408165	[0 2 2 0 0 2 2 2]	[0 2 2 0 0 2 2 2]
train	20200410132407	3	50	0.955	[0 1 2 2 2 1 1 0]	[0 1 2 2 2 1 1 0]
train	20200410132418	3	51	0.9558824	[0 2 2 2 1 0 2 0]	[0 2 2 2 1 0 2 0]
train	20200410132428	3	52	0.9543269	[0 2 2 0 0 1 0 1]	[0 2 2 0 0 0 0 1]
train	20200410132438	3	53	0.9551887	[0 0 1 2 1 1 0 2]	[0 0 1 2 1 1 0 2]
train	20200410132448	3	54	0.9560185	[0 2 2 1 1 0 2 0]	[0 2 2 1 1 0 2 0]
train	20200410132501	3	55	0.95681816	[0 1 2 0 1 2 2 0]	[0 1 2 0 1 2 2 0]
train	20200410132511	3	56	0.95758927	[2 1 2 2 2 0 2 2]	[2 1 2 2 2 0 2 2]
train	20200410132521	3	57	0.9583333	[2 2 0 1 0 0 0 1]	[2 2 0 1 0 0 0 1]
train	20200410132528	3	58	0.95878524	[2 2 0 1 0]	[2 2 0 1 0]
train	20200410132658	4	1	0.75	[2 2 0 1 2 2 0 2]	[2 2 1 1 2 2 1 2]
train	20200410132708	4	2	0.875	[0 2 0 0 2 1 2 0]	[0 2 0 0 2 1 2 0]
train	20200410132718	4	3	0.9166667	[1 0 1 2 2 1 0 2]	[1 0 1 2 2 1 0 2]
train	20200410132729	4	4	0.9375	[1 1 2 2 2 0 1 2]	[1 1 2 2 2 0 1 2]
train	20200410132739	4	5	0.95	[0 2 2 0 0 1 0 2]	[0 2 2 0 0 1 0 2]
train	20200410132750	4	6	0.9583333	[2 1 0 0 0 2 2 2]	[2 1 0 0 0 2 2 2]
train	20200410132800	4	7	0.9464286	[2 0 2 0 2 0 1 2]	[2 0 2 0 2 0 0 2]
train	20200410132811	4	8	0.9375	[1 2 2 2 1 2 2 2]	[0 2 2 2 1 2 2 2]
train	20200410132822	4	9	0.9444444	[2 2 1 0 0 2 1 1]	[2 2 1 0 0 2 1 1]
train	20200410132833	4	10	0.9375	[2 1 2 2 2 0 2 2]	[2 0 2 2 2 0 2 2]
train	20200410132843	4	11	0.9431818	[0 2 2 2 0 2 1 1]	[0 2 2 2 0 2 1 1]
train	20200410132857	4	12	0.9479167	[0 0 2 0 0 2 2 0]	[0 0 2 0 0 2 2 0]
train	20200410132907	4	13	0.9519231	[2 2 1 2 1 2 2 2]	[2 2 1 2 1 2 2 2]
train	20200410132919	4	14	0.95535713	[1 1 0 1 1 1 2 1]	[1 1 0 1 1 1 2 1]
train	20200410132932	4	15	0.9583333	[0 2 2 2 0 2 2 1]	[0 2 2 2 0 2 2 1]
train	20200410132944	4	16	0.953125	[0 2 2 0 2 0 2 2]	[1 2 2 0 2 0 2 2]
train	20200410132954	4	17	0.9485294	[0 0 2 0 2 0 2 2]	[0 0 2 0 2 1 2 2]
train	20200410133005	4	18	0.9513889	[2 0 2 2 0 0 2 0]	[2 0 2 2 0 0 2 0]
train	20200410133015	4	19	0.95394737	[2 1 1 0 2 0 2 2]	[2 1 1 0 2 0 2 2]
train	20200410133026	4	20	0.95	[1 2 0 2 0 0 2 2]	[1 2 0 2 0 1 2 2]
train	20200410133037	4	21	0.95238096	[0 2 0 2 2 2 2 2]	[0 2 0 2 2 2 2 2]
train	20200410133224	4	22	0.95454544	[2 2 0 0 1 2 0 0]	[2 2 0 0 1 2 0 0]
train	20200410133232	4	23	0.95652175	[2 1 1 0 0 2 2 1]	[2 1 1 0 0 2 2 1]
train	20200410133242	4	24	0.9479167	[1 1 1 0 2 0 1 1]	[1 1 1 1 2 1 1 1]
train	20200410133253	4	25	0.95	[2 1 0 1 0 1 1 0]	[2 1 0 1 0 1 1 0]
train	20200410133303	4	26	0.9519231	[2 2 0 2 0 0 2 2]	[2 2 0 2 0 0 2 2]
train	20200410133313	4	27	0.9537037	[1 0 2 0 1 0 2 1]	[1 0 2 0 1 0 2 1]
train	20200410133324	4	28	0.95089287	[1 0 0 1 1 0 1 2]	[0 0 0 1 1 0 1 2]
train	20200410133335	4	29	0.95258623	[1 0 1 1 0 2 0 0]	[1 0 1 1 0 2 0 0]
train	20200410133347	4	30	0.95416665	[1 0 2 1 1 2 2 0]	[1 0 2 1 1 2 2 0]
train	20200410133357	4	31	0.95564514	[2 1 2 2 2 2 0 1]	[2 1 2 2 2 2 0 1]
train	20200410133408	4	32	0.95703125	[1 1 1 1 1 2 2 0]	[1 1 1 1 1 2 2 0]
train	20200410133418	4	33	0.9583333	[2 1 1 2 2 1 1 0]	[2 1 1 2 2 1 1 0]
train	20200410133428	4	34	0.9558824	[2 1 2 1 2 1 2 0]	[2 1 2 0 2 1 2 0]
train	20200410133440	4	35	0.95714283	[1 0 1 2 2 0 2 2]	[1 0 1 2 2 0 2 2]
train	20200410133451	4	36	0.9583333	[2 1 2 1 0 2 2 2]	[2 1 2 1 0 2 2 2]
train	20200410133502	4	37	0.9594595	[2 2 2 2 2 2 1 2]	[2 2 2 2 2 2 1 2]
train	20200410133513	4	38	0.9605263	[2 2 2 1 1 0 1 2]	[2 2 2 1 1 0 1 2]
train	20200410133523	4	39	0.96153843	[2 0 2 0 2 1 2 2]	[2 0 2 0 2 1 2 2]
train	20200410133533	4	40	0.9625	[2 1 1 1 2 0 2 0]	[2 1 1 1 2 0 2 0]
train	20200410133543	4	41	0.9634146	[1 1 0 0 2 0 2 1]	[1 1 0 0 2 0 2 1]
train	20200410133554	4	42	0.96428573	[2 0 0 2 1 1 2 2]	[2 0 0 2 1 1 2 2]
train	20200410133604	4	43	0.96511626	[0 0 1 0 2 2 2 0]	[0 0 1 0 2 2 2 0]
train	20200410133616	4	44	0.96590906	[2 2 2 2 0 2 2 2]	[2 2 2 2 0 2 2 2]
train	20200410133628	4	45	0.96666664	[2 1 0 1 2 2 2 2]	[2 1 0 1 2 2 2 2]
train	20200410133638	4	46	0.9673913	[2 0 2 2 0 2 1 0]	[2 0 2 2 0 2 1 0]
train	20200410133648	4	47	0.9680851	[2 0 2 0 1 2 1 1]	[2 0 2 0 1 2 1 1]
train	20200410133658	4	48	0.96875	[2 0 1 0 0 0 2 1]	[2 0 1 0 0 0 2 1]
train	20200410133709	4	49	0.96938777	[0 2 2 0 0 2 2 2]	[0 2 2 0 0 2 2 2]
train	20200410133721	4	50	0.97	[0 1 2 2 2 1 1 0]	[0 1 2 2 2 1 1 0]
train	20200410133733	4	51	0.9705882	[0 2 2 2 1 0 2 0]	[0 2 2 2 1 0 2 0]
train	20200410133746	4	52	0.96875	[1 2 2 0 0 0 0 1]	[0 2 2 0 0 0 0 1]
train	20200410133757	4	53	0.9693396	[0 0 1 2 1 1 0 2]	[0 0 1 2 1 1 0 2]
train	20200410133810	4	54	0.9699074	[0 2 2 1 1 0 2 0]	[0 2 2 1 1 0 2 0]
train	20200410133821	4	55	0.9681818	[0 0 2 0 1 2 2 0]	[0 1 2 0 1 2 2 0]
train	20200410133832	4	56	0.96651787	[2 0 2 2 2 0 2 2]	[2 1 2 2 2 0 2 2]
train	20200410133843	4	57	0.96710527	[2 2 0 1 0 0 0 1]	[2 2 0 1 0 0 0 1]
train	20200410133851	4	58	0.96746206	[2 2 0 1 0]	[2 2 0 1 0]
train	20200410134024	5	1	1.0	[2 2 1 1 2 2 1 2]	[2 2 1 1 2 2 1 2]
train	20200410134223	5	2	0.9375	[1 2 0 0 2 1 2 0]	[0 2 0 0 2 1 2 0]
train	20200410134231	5	3	0.9583333	[1 0 1 2 2 1 0 2]	[1 0 1 2 2 1 0 2]
train	20200410134242	5	4	0.96875	[1 1 2 2 2 0 1 2]	[1 1 2 2 2 0 1 2]
train	20200410134252	5	5	0.975	[0 2 2 0 0 1 0 2]	[0 2 2 0 0 1 0 2]
train	20200410134302	5	6	0.9791667	[2 1 0 0 0 2 2 2]	[2 1 0 0 0 2 2 2]
train	20200410134313	5	7	0.98214287	[2 0 2 0 2 0 0 2]	[2 0 2 0 2 0 0 2]
train	20200410134323	5	8	0.984375	[0 2 2 2 1 2 2 2]	[0 2 2 2 1 2 2 2]
train	20200410134334	5	9	0.9861111	[2 2 1 0 0 2 1 1]	[2 2 1 0 0 2 1 1]
train	20200410134345	5	10	0.9875	[2 0 2 2 2 0 2 2]	[2 0 2 2 2 0 2 2]
train	20200410134356	5	11	0.9886364	[0 2 2 2 0 2 1 1]	[0 2 2 2 0 2 1 1]
train	20200410134407	5	12	0.9895833	[0 0 2 0 0 2 2 0]	[0 0 2 0 0 2 2 0]
train	20200410134420	5	13	0.99038464	[2 2 1 2 1 2 2 2]	[2 2 1 2 1 2 2 2]
train	20200410134432	5	14	0.9910714	[1 1 0 1 1 1 2 1]	[1 1 0 1 1 1 2 1]
train	20200410134443	5	15	0.9916667	[0 2 2 2 0 2 2 1]	[0 2 2 2 0 2 2 1]
train	20200410134453	5	16	0.9921875	[1 2 2 0 2 0 2 2]	[1 2 2 0 2 0 2 2]
train	20200410134504	5	17	0.99264705	[0 0 2 0 2 1 2 2]	[0 0 2 0 2 1 2 2]
train	20200410134514	5	18	0.9861111	[2 0 2 2 1 0 2 0]	[2 0 2 2 0 0 2 0]
train	20200410134525	5	19	0.9868421	[2 1 1 0 2 0 2 2]	[2 1 1 0 2 0 2 2]
train	20200410134535	5	20	0.9875	[1 2 0 2 0 1 2 2]	[1 2 0 2 0 1 2 2]
train	20200410134546	5	21	0.9880952	[0 2 0 2 2 2 2 2]	[0 2 0 2 2 2 2 2]
train	20200410134557	5	22	0.9886364	[2 2 0 0 1 2 0 0]	[2 2 0 0 1 2 0 0]
train	20200410134607	5	23	0.98913044	[2 1 1 0 0 2 2 1]	[2 1 1 0 0 2 2 1]
train	20200410134617	5	24	0.984375	[1 1 1 1 2 0 1 1]	[1 1 1 1 2 1 1 1]
train	20200410134628	5	25	0.985	[2 1 0 1 0 1 1 0]	[2 1 0 1 0 1 1 0]
train	20200410134638	5	26	0.9855769	[2 2 0 2 0 0 2 2]	[2 2 0 2 0 0 2 2]
train	20200410134649	5	27	0.9861111	[1 0 2 0 1 0 2 1]	[1 0 2 0 1 0 2 1]
train	20200410134659	5	28	0.98660713	[0 0 0 1 1 0 1 2]	[0 0 0 1 1 0 1 2]
train	20200410134710	5	29	0.98706895	[1 0 1 1 0 2 0 0]	[1 0 1 1 0 2 0 0]
train	20200410134721	5	30	0.9875	[1 0 2 1 1 2 2 0]	[1 0 2 1 1 2 2 0]
train	20200410134732	5	31	0.98790324	[2 1 2 2 2 2 0 1]	[2 1 2 2 2 2 0 1]
train	20200410134743	5	32	0.98828125	[1 1 1 1 1 2 2 0]	[1 1 1 1 1 2 2 0]
train	20200410134753	5	33	0.9886364	[2 1 1 2 2 1 1 0]	[2 1 1 2 2 1 1 0]
train	20200410134804	5	34	0.9889706	[2 1 2 0 2 1 2 0]	[2 1 2 0 2 1 2 0]
train	20200410134814	5	35	0.9892857	[1 0 1 2 2 0 2 2]	[1 0 1 2 2 0 2 2]
train	20200410134825	5	36	0.9861111	[2 1 2 1 0 2 2 1]	[2 1 2 1 0 2 2 2]
train	20200410134837	5	37	0.9864865	[2 2 2 2 2 2 1 2]	[2 2 2 2 2 2 1 2]
train	20200410134847	5	38	0.9868421	[2 2 2 1 1 0 1 2]	[2 2 2 1 1 0 1 2]
train	20200410134859	5	39	0.98717946	[2 0 2 0 2 1 2 2]	[2 0 2 0 2 1 2 2]
train	20200410134910	5	40	0.9875	[2 1 1 1 2 0 2 0]	[2 1 1 1 2 0 2 0]
train	20200410134921	5	41	0.9878049	[1 1 0 0 2 0 2 1]	[1 1 0 0 2 0 2 1]
train	20200410134932	5	42	0.9880952	[2 0 0 2 1 1 2 2]	[2 0 0 2 1 1 2 2]
train	20200410134943	5	43	0.9883721	[0 0 1 0 2 2 2 0]	[0 0 1 0 2 2 2 0]
train	20200410134953	5	44	0.9886364	[2 2 2 2 0 2 2 2]	[2 2 2 2 0 2 2 2]
train	20200410135004	5	45	0.98888886	[2 1 0 1 2 2 2 2]	[2 1 0 1 2 2 2 2]
train	20200410135015	5	46	0.98913044	[2 0 2 2 0 2 1 0]	[2 0 2 2 0 2 1 0]
train	20200410135025	5	47	0.9893617	[2 0 2 0 1 2 1 1]	[2 0 2 0 1 2 1 1]
train	20200410135036	5	48	0.9895833	[2 0 1 0 0 0 2 1]	[2 0 1 0 0 0 2 1]
train	20200410135047	5	49	0.9872449	[0 2 2 1 0 2 2 2]	[0 2 2 0 0 2 2 2]
train	20200410135058	5	50	0.9875	[0 1 2 2 2 1 1 0]	[0 1 2 2 2 1 1 0]
train	20200410135109	5	51	0.9877451	[0 2 2 2 1 0 2 0]	[0 2 2 2 1 0 2 0]
train	20200410135120	5	52	0.9879808	[0 2 2 0 0 0 0 1]	[0 2 2 0 0 0 0 1]
train	20200410135131	5	53	0.9882075	[0 0 1 2 1 1 0 2]	[0 0 1 2 1 1 0 2]
train	20200410135142	5	54	0.9884259	[0 2 2 1 1 0 2 0]	[0 2 2 1 1 0 2 0]
train	20200410135152	5	55	0.9886364	[0 1 2 0 1 2 2 0]	[0 1 2 0 1 2 2 0]
train	20200410135203	5	56	0.98883927	[2 1 2 2 2 0 2 2]	[2 1 2 2 2 0 2 2]
train	20200410135214	5	57	0.98903507	[2 2 0 1 0 0 0 1]	[2 2 0 1 0 0 0 1]
train	20200410135220	5	58	0.98915404	[2 2 0 1 0]	[2 2 0 1 0]
train	20200410135358	6	1	0.875	[2 2 1 1 2 2 0 2]	[2 2 1 1 2 2 1 2]
train	20200410135409	6	2	0.9375	[0 2 0 0 2 1 2 0]	[0 2 0 0 2 1 2 0]
train	20200410135421	6	3	0.9583333	[1 0 1 2 2 1 0 2]	[1 0 1 2 2 1 0 2]
train	20200410135435	6	4	0.96875	[1 1 2 2 2 0 1 2]	[1 1 2 2 2 0 1 2]
train	20200410135453	6	5	0.975	[0 2 2 0 0 1 0 2]	[0 2 2 0 0 1 0 2]
train	20200410135504	6	6	0.9791667	[2 1 0 0 0 2 2 2]	[2 1 0 0 0 2 2 2]
train	20200410135515	6	7	0.98214287	[2 0 2 0 2 0 0 2]	[2 0 2 0 2 0 0 2]
train	20200410135525	6	8	0.96875	[0 2 2 2 0 2 2 2]	[0 2 2 2 1 2 2 2]
train	20200410135537	6	9	0.9722222	[2 2 1 0 0 2 1 1]	[2 2 1 0 0 2 1 1]
train	20200410135548	6	10	0.975	[2 0 2 2 2 0 2 2]	[2 0 2 2 2 0 2 2]
train	20200410135558	6	11	0.97727275	[0 2 2 2 0 2 1 1]	[0 2 2 2 0 2 1 1]
train	20200410135609	6	12	0.9791667	[0 0 2 0 0 2 2 0]	[0 0 2 0 0 2 2 0]
train	20200410135621	6	13	0.9807692	[2 2 1 2 1 2 2 2]	[2 2 1 2 1 2 2 2]
train	20200410135635	6	14	0.97321427	[1 1 0 1 1 1 2 2]	[1 1 0 1 1 1 2 1]
train	20200410135648	6	15	0.975	[0 2 2 2 0 2 2 1]	[0 2 2 2 0 2 2 1]
train	20200410135659	6	16	0.9765625	[1 2 2 0 2 0 2 2]	[1 2 2 0 2 0 2 2]
train	20200410135709	6	17	0.97794116	[0 0 2 0 2 1 2 2]	[0 0 2 0 2 1 2 2]
train	20200410135720	6	18	0.9722222	[2 1 2 2 0 0 2 0]	[2 0 2 2 0 0 2 0]
train	20200410135732	6	19	0.9736842	[2 1 1 0 2 0 2 2]	[2 1 1 0 2 0 2 2]
train	20200410135743	6	20	0.975	[1 2 0 2 0 1 2 2]	[1 2 0 2 0 1 2 2]
train	20200410135754	6	21	0.97619045	[0 2 0 2 2 2 2 2]	[0 2 0 2 2 2 2 2]
train	20200410135804	6	22	0.97727275	[2 2 0 0 1 2 0 0]	[2 2 0 0 1 2 0 0]
train	20200410135815	6	23	0.9782609	[2 1 1 0 0 2 2 1]	[2 1 1 0 0 2 2 1]
train	20200410135826	6	24	0.9739583	[1 1 1 1 2 0 1 1]	[1 1 1 1 2 1 1 1]
train	20200410135838	6	25	0.975	[2 1 0 1 0 1 1 0]	[2 1 0 1 0 1 1 0]
train	20200410135849	6	26	0.97596157	[2 2 0 2 0 0 2 2]	[2 2 0 2 0 0 2 2]
train	20200410135900	6	27	0.9768519	[1 0 2 0 1 0 2 1]	[1 0 2 0 1 0 2 1]
train	20200410135911	6	28	0.9776786	[0 0 0 1 1 0 1 2]	[0 0 0 1 1 0 1 2]
train	20200410135921	6	29	0.9784483	[1 0 1 1 0 2 0 0]	[1 0 1 1 0 2 0 0]
train	20200410135932	6	30	0.97083336	[0 0 2 1 0 2 2 0]	[1 0 2 1 1 2 2 0]
train	20200410135944	6	31	0.9717742	[2 1 2 2 2 2 0 1]	[2 1 2 2 2 2 0 1]
train	20200410135955	6	32	0.97265625	[1 1 1 1 1 2 2 0]	[1 1 1 1 1 2 2 0]
train	20200410140008	6	33	0.969697	[2 1 0 2 2 1 1 0]	[2 1 1 2 2 1 1 0]
train	20200410140019	6	34	0.9705882	[2 1 2 0 2 1 2 0]	[2 1 2 0 2 1 2 0]
train	20200410140030	6	35	0.9714286	[1 0 1 2 2 0 2 2]	[1 0 1 2 2 0 2 2]
train	20200410140041	6	36	0.9722222	[2 1 2 1 0 2 2 2]	[2 1 2 1 0 2 2 2]
train	20200410140052	6	37	0.972973	[2 2 2 2 2 2 1 2]	[2 2 2 2 2 2 1 2]
train	20200410140103	6	38	0.9736842	[2 2 2 1 1 0 1 2]	[2 2 2 1 1 0 1 2]
train	20200410140114	6	39	0.97115386	[2 1 2 0 2 1 2 2]	[2 0 2 0 2 1 2 2]
train	20200410140124	6	40	0.971875	[2 1 1 1 2 0 2 0]	[2 1 1 1 2 0 2 0]
train	20200410140135	6	41	0.9664634	[1 1 1 1 2 0 2 1]	[1 1 0 0 2 0 2 1]
train	20200410140145	6	42	0.9672619	[2 0 0 2 1 1 2 2]	[2 0 0 2 1 1 2 2]
train	20200410140156	6	43	0.96802324	[0 0 1 0 2 2 2 0]	[0 0 1 0 2 2 2 0]
train	20200410140206	6	44	0.96875	[2 2 2 2 0 2 2 2]	[2 2 2 2 0 2 2 2]
train	20200410140217	6	45	0.96944445	[2 1 0 1 2 2 2 2]	[2 1 0 1 2 2 2 2]
train	20200410140227	6	46	0.9701087	[2 0 2 2 0 2 1 0]	[2 0 2 2 0 2 1 0]
train	20200410140237	6	47	0.97074467	[2 0 2 0 1 2 1 1]	[2 0 2 0 1 2 1 1]
train	20200410140247	6	48	0.9713542	[2 0 1 0 0 0 2 1]	[2 0 1 0 0 0 2 1]
train	20200410140259	6	49	0.9719388	[0 2 2 0 0 2 2 2]	[0 2 2 0 0 2 2 2]
train	20200410140310	6	50	0.9725	[0 1 2 2 2 1 1 0]	[0 1 2 2 2 1 1 0]
train	20200410140322	6	51	0.9730392	[0 2 2 2 1 0 2 0]	[0 2 2 2 1 0 2 0]
train	20200410140332	6	52	0.9735577	[0 2 2 0 0 0 0 1]	[0 2 2 0 0 0 0 1]
train	20200410140342	6	53	0.9740566	[0 0 1 2 1 1 0 2]	[0 0 1 2 1 1 0 2]
train	20200410140352	6	54	0.974537	[0 2 2 1 1 0 2 0]	[0 2 2 1 1 0 2 0]
train	20200410140403	6	55	0.975	[0 1 2 0 1 2 2 0]	[0 1 2 0 1 2 2 0]
train	20200410140413	6	56	0.9754464	[2 1 2 2 2 0 2 2]	[2 1 2 2 2 0 2 2]
train	20200410140423	6	57	0.97587717	[2 2 0 1 0 0 0 1]	[2 2 0 1 0 0 0 1]
train	20200410140430	6	58	0.97613883	[2 2 0 1 0]	[2 2 0 1 0]
train	20200410140606	7	1	0.875	[2 2 1 0 2 2 1 2]	[2 2 1 1 2 2 1 2]
train	20200410140618	7	2	0.9375	[0 2 0 0 2 1 2 0]	[0 2 0 0 2 1 2 0]
train	20200410140628	7	3	0.9166667	[1 0 0 2 2 1 0 2]	[1 0 1 2 2 1 0 2]
train	20200410140639	7	4	0.875	[0 1 2 2 2 0 0 2]	[1 1 2 2 2 0 1 2]
train	20200410140651	7	5	0.9	[0 2 2 0 0 1 0 2]	[0 2 2 0 0 1 0 2]
train	20200410140703	7	6	0.9166667	[2 1 0 0 0 2 2 2]	[2 1 0 0 0 2 2 2]
train	20200410140715	7	7	0.9285714	[2 0 2 0 2 0 0 2]	[2 0 2 0 2 0 0 2]
train	20200410140727	7	8	0.9375	[0 2 2 2 1 2 2 2]	[0 2 2 2 1 2 2 2]
train	20200410140737	7	9	0.9444444	[2 2 1 0 0 2 1 1]	[2 2 1 0 0 2 1 1]
train	20200410140750	7	10	0.95	[2 0 2 2 2 0 2 2]	[2 0 2 2 2 0 2 2]
train	20200410141036	7	11	0.95454544	[0 2 2 2 0 2 1 1]	[0 2 2 2 0 2 1 1]
train	20200410141045	7	12	0.9166667	[1 1 2 1 1 2 2 0]	[0 0 2 0 0 2 2 0]
train	20200410141056	7	13	0.9230769	[2 2 1 2 1 2 2 2]	[2 2 1 2 1 2 2 2]
train	20200410141106	7	14	0.9285714	[1 1 0 1 1 1 2 1]	[1 1 0 1 1 1 2 1]
train	20200410141117	7	15	0.93333334	[0 2 2 2 0 2 2 1]	[0 2 2 2 0 2 2 1]
train	20200410141128	7	16	0.9375	[1 2 2 0 2 0 2 2]	[1 2 2 0 2 0 2 2]
train	20200410141140	7	17	0.9411765	[0 0 2 0 2 1 2 2]	[0 0 2 0 2 1 2 2]
train	20200410141151	7	18	0.9305556	[2 1 2 2 1 0 2 0]	[2 0 2 2 0 0 2 0]
train	20200410141201	7	19	0.93421054	[2 1 1 0 2 0 2 2]	[2 1 1 0 2 0 2 2]
train	20200410141212	7	20	0.9375	[1 2 0 2 0 1 2 2]	[1 2 0 2 0 1 2 2]
train	20200410141223	7	21	0.9404762	[0 2 0 2 2 2 2 2]	[0 2 0 2 2 2 2 2]
train	20200410141233	7	22	0.9431818	[2 2 0 0 1 2 0 0]	[2 2 0 0 1 2 0 0]
train	20200410141244	7	23	0.9456522	[2 1 1 0 0 2 2 1]	[2 1 1 0 0 2 2 1]
train	20200410141254	7	24	0.9427083	[1 1 1 0 2 1 1 1]	[1 1 1 1 2 1 1 1]
train	20200410141305	7	25	0.945	[2 1 0 1 0 1 1 0]	[2 1 0 1 0 1 1 0]
train	20200410141316	7	26	0.94711536	[2 2 0 2 0 0 2 2]	[2 2 0 2 0 0 2 2]
train	20200410141328	7	27	0.9490741	[1 0 2 0 1 0 2 1]	[1 0 2 0 1 0 2 1]
train	20200410141339	7	28	0.95089287	[0 0 0 1 1 0 1 2]	[0 0 0 1 1 0 1 2]
train	20200410141350	7	29	0.95258623	[1 0 1 1 0 2 0 0]	[1 0 1 1 0 2 0 0]
train	20200410141401	7	30	0.95416665	[1 0 2 1 1 2 2 0]	[1 0 2 1 1 2 2 0]
train	20200410141413	7	31	0.94758064	[2 0 2 2 2 2 0 0]	[2 1 2 2 2 2 0 1]
train	20200410141424	7	32	0.94921875	[1 1 1 1 1 2 2 0]	[1 1 1 1 1 2 2 0]
train	20200410141435	7	33	0.93939394	[2 0 0 2 2 1 0 0]	[2 1 1 2 2 1 1 0]
train	20200410141445	7	34	0.9411765	[2 1 2 0 2 1 2 0]	[2 1 2 0 2 1 2 0]
train	20200410141456	7	35	0.9392857	[0 0 1 2 2 0 2 2]	[1 0 1 2 2 0 2 2]
train	20200410141507	7	36	0.9340278	[2 0 2 0 0 2 2 2]	[2 1 2 1 0 2 2 2]
train	20200410141518	7	37	0.9324324	[2 2 2 2 2 2 0 2]	[2 2 2 2 2 2 1 2]
train	20200410141529	7	38	0.93421054	[2 2 2 1 1 0 1 2]	[2 2 2 1 1 0 1 2]
train	20200410141540	7	39	0.9358974	[2 0 2 0 2 1 2 2]	[2 0 2 0 2 1 2 2]
train	20200410141551	7	40	0.9375	[2 1 1 1 2 0 2 0]	[2 1 1 1 2 0 2 0]
train	20200410141602	7	41	0.9390244	[1 1 0 0 2 0 2 1]	[1 1 0 0 2 0 2 1]
train	20200410141614	7	42	0.9404762	[2 0 0 2 1 1 2 2]	[2 0 0 2 1 1 2 2]
train	20200410141625	7	43	0.93895346	[1 0 1 0 2 2 2 0]	[0 0 1 0 2 2 2 0]
train	20200410141636	7	44	0.9375	[2 2 2 1 0 2 2 2]	[2 2 2 2 0 2 2 2]
train	20200410141648	7	45	0.9388889	[2 1 0 1 2 2 2 2]	[2 1 0 1 2 2 2 2]
train	20200410141659	7	46	0.9375	[2 0 2 2 0 2 1 1]	[2 0 2 2 0 2 1 0]
train	20200410141709	7	47	0.9388298	[2 0 2 0 1 2 1 1]	[2 0 2 0 1 2 1 1]
train	20200410141720	7	48	0.9401042	[2 0 1 0 0 0 2 1]	[2 0 1 0 0 0 2 1]
train	20200410141731	7	49	0.94132656	[0 2 2 0 0 2 2 2]	[0 2 2 0 0 2 2 2]
train	20200410141741	7	50	0.9425	[0 1 2 2 2 1 1 0]	[0 1 2 2 2 1 1 0]
train	20200410141752	7	51	0.9411765	[1 2 2 2 1 0 2 0]	[0 2 2 2 1 0 2 0]
train	20200410141803	7	52	0.9375	[1 2 2 0 0 1 0 1]	[0 2 2 0 0 0 0 1]
train	20200410141814	7	53	0.9386792	[0 0 1 2 1 1 0 2]	[0 0 1 2 1 1 0 2]
train	20200410141825	7	54	0.9398148	[0 2 2 1 1 0 2 0]	[0 2 2 1 1 0 2 0]
train	20200410141835	7	55	0.9409091	[0 1 2 0 1 2 2 0]	[0 1 2 0 1 2 2 0]
train	20200410141846	7	56	0.93973213	[2 2 2 2 2 0 2 2]	[2 1 2 2 2 0 2 2]
train	20200410141857	7	57	0.94078946	[2 2 0 1 0 0 0 1]	[2 2 0 1 0 0 0 1]
train	20200410141904	7	58	0.94143164	[2 2 0 1 0]	[2 2 0 1 0]
train	20200410142042	8	1	0.875	[2 2 0 1 2 2 1 2]	[2 2 1 1 2 2 1 2]
train	20200410142052	8	2	0.9375	[0 2 0 0 2 1 2 0]	[0 2 0 0 2 1 2 0]
train	20200410142102	8	3	0.9583333	[1 0 1 2 2 1 0 2]	[1 0 1 2 2 1 0 2]
train	20200410142113	8	4	0.9375	[1 1 2 2 2 0 0 2]	[1 1 2 2 2 0 1 2]
train	20200410142126	8	5	0.95	[0 2 2 0 0 1 0 2]	[0 2 2 0 0 1 0 2]
train	20200410142138	8	6	0.9583333	[2 1 0 0 0 2 2 2]	[2 1 0 0 0 2 2 2]
train	20200410142149	8	7	0.96428573	[2 0 2 0 2 0 0 2]	[2 0 2 0 2 0 0 2]
train	20200410142201	8	8	0.9375	[0 2 2 1 0 2 2 2]	[0 2 2 2 1 2 2 2]
train	20200410142212	8	9	0.9444444	[2 2 1 0 0 2 1 1]	[2 2 1 0 0 2 1 1]
train	20200410142224	8	10	0.95	[2 0 2 2 2 0 2 2]	[2 0 2 2 2 0 2 2]
train	20200410142236	8	11	0.95454544	[0 2 2 2 0 2 1 1]	[0 2 2 2 0 2 1 1]
train	20200410142248	8	12	0.9583333	[0 0 2 0 0 2 2 0]	[0 0 2 0 0 2 2 0]
train	20200410142259	8	13	0.96153843	[2 2 1 2 1 2 2 2]	[2 2 1 2 1 2 2 2]
train	20200410142311	8	14	0.96428573	[1 1 0 1 1 1 2 1]	[1 1 0 1 1 1 2 1]
train	20200410142322	8	15	0.96666664	[0 2 2 2 0 2 2 1]	[0 2 2 2 0 2 2 1]
train	20200410142333	8	16	0.96875	[1 2 2 0 2 0 2 2]	[1 2 2 0 2 0 2 2]
train	20200410142344	8	17	0.9705882	[0 0 2 0 2 1 2 2]	[0 0 2 0 2 1 2 2]
train	20200410142356	8	18	0.9722222	[2 0 2 2 0 0 2 0]	[2 0 2 2 0 0 2 0]
train	20200410142407	8	19	0.9736842	[2 1 1 0 2 0 2 2]	[2 1 1 0 2 0 2 2]
train	20200410142418	8	20	0.975	[1 2 0 2 0 1 2 2]	[1 2 0 2 0 1 2 2]
train	20200410142429	8	21	0.97619045	[0 2 0 2 2 2 2 2]	[0 2 0 2 2 2 2 2]
train	20200410142439	8	22	0.97159094	[2 2 1 0 1 2 0 0]	[2 2 0 0 1 2 0 0]
train	20200410142451	8	23	0.97282606	[2 1 1 0 0 2 2 1]	[2 1 1 0 0 2 2 1]
train	20200410142502	8	24	0.9739583	[1 1 1 1 2 1 1 1]	[1 1 1 1 2 1 1 1]
train	20200410142513	8	25	0.975	[2 1 0 1 0 1 1 0]	[2 1 0 1 0 1 1 0]
train	20200410142524	8	26	0.97596157	[2 2 0 2 0 0 2 2]	[2 2 0 2 0 0 2 2]
train	20200410142535	8	27	0.9768519	[1 0 2 0 1 0 2 1]	[1 0 2 0 1 0 2 1]
train	20200410142547	8	28	0.96875	[0 0 0 2 1 0 2 2]	[0 0 0 1 1 0 1 2]
train	20200410142558	8	29	0.9655172	[1 0 1 2 0 2 0 0]	[1 0 1 1 0 2 0 0]
train	20200410142609	8	30	0.96666664	[1 0 2 1 1 2 2 0]	[1 0 2 1 1 2 2 0]
train	20200410142621	8	31	0.96370965	[2 0 2 2 2 2 0 1]	[2 1 2 2 2 2 0 1]
train	20200410142632	8	32	0.96484375	[1 1 1 1 1 2 2 0]	[1 1 1 1 1 2 2 0]
train	20200410142645	8	33	0.9621212	[2 1 0 2 2 1 1 0]	[2 1 1 2 2 1 1 0]
train	20200410142656	8	34	0.9632353	[2 1 2 0 2 1 2 0]	[2 1 2 0 2 1 2 0]
train	20200410142707	8	35	0.96428573	[1 0 1 2 2 0 2 2]	[1 0 1 2 2 0 2 2]
train	20200410142719	8	36	0.9652778	[2 1 2 1 0 2 2 2]	[2 1 2 1 0 2 2 2]
train	20200410142730	8	37	0.9662162	[2 2 2 2 2 2 1 2]	[2 2 2 2 2 2 1 2]
train	20200410142740	8	38	0.96710527	[2 2 2 1 1 0 1 2]	[2 2 2 1 1 0 1 2]
train	20200410142751	8	39	0.96794873	[2 0 2 0 2 1 2 2]	[2 0 2 0 2 1 2 2]
train	20200410142802	8	40	0.96875	[2 1 1 1 2 0 2 0]	[2 1 1 1 2 0 2 0]
train	20200410142813	8	41	0.9695122	[1 1 0 0 2 0 2 1]	[1 1 0 0 2 0 2 1]
train	20200410142824	8	42	0.9702381	[2 0 0 2 1 1 2 2]	[2 0 0 2 1 1 2 2]
train	20200410142835	8	43	0.96802324	[0 0 1 1 2 2 2 0]	[0 0 1 0 2 2 2 0]
train	20200410142846	8	44	0.9573864	[1 2 1 1 1 2 2 2]	[2 2 2 2 0 2 2 2]
train	20200410142857	8	45	0.9583333	[2 1 0 1 2 2 2 2]	[2 1 0 1 2 2 2 2]
train	20200410142909	8	46	0.9592391	[2 0 2 2 0 2 1 0]	[2 0 2 2 0 2 1 0]
train	20200410142920	8	47	0.9601064	[2 0 2 0 1 2 1 1]	[2 0 2 0 1 2 1 1]
train	20200410142931	8	48	0.9609375	[2 0 1 0 0 0 2 1]	[2 0 1 0 0 0 2 1]
train	20200410142942	8	49	0.9617347	[0 2 2 0 0 2 2 2]	[0 2 2 0 0 2 2 2]
train	20200410142953	8	50	0.9625	[0 1 2 2 2 1 1 0]	[0 1 2 2 2 1 1 0]
train	20200410143006	8	51	0.9632353	[0 2 2 2 1 0 2 0]	[0 2 2 2 1 0 2 0]
train	20200410143017	8	52	0.96153843	[0 2 2 0 0 1 0 1]	[0 2 2 0 0 0 0 1]
train	20200410143027	8	53	0.9622642	[0 0 1 2 1 1 0 2]	[0 0 1 2 1 1 0 2]
train	20200410143038	8	54	0.962963	[0 2 2 1 1 0 2 0]	[0 2 2 1 1 0 2 0]
train	20200410143048	8	55	0.96363634	[0 1 2 0 1 2 2 0]	[0 1 2 0 1 2 2 0]
train	20200410143059	8	56	0.96428573	[2 1 2 2 2 0 2 2]	[2 1 2 2 2 0 2 2]
train	20200410143110	8	57	0.9649123	[2 2 0 1 0 0 0 1]	[2 2 0 1 0 0 0 1]
train	20200410143116	8	58	0.9652929	[2 2 0 1 0]	[2 2 0 1 0]
train	20200410143249	9	1	0.875	[2 2 1 0 2 2 1 2]	[2 2 1 1 2 2 1 2]
train	20200410143301	9	2	0.9375	[0 2 0 0 2 1 2 0]	[0 2 0 0 2 1 2 0]
train	20200410143315	9	3	0.9583333	[1 0 1 2 2 1 0 2]	[1 0 1 2 2 1 0 2]
train	20200410143326	9	4	0.96875	[1 1 2 2 2 0 1 2]	[1 1 2 2 2 0 1 2]
train	20200410143338	9	5	0.975	[0 2 2 0 0 1 0 2]	[0 2 2 0 0 1 0 2]
train	20200410143350	9	6	0.9791667	[2 1 0 0 0 2 2 2]	[2 1 0 0 0 2 2 2]
train	20200410143402	9	7	0.96428573	[2 0 2 0 2 0 0 1]	[2 0 2 0 2 0 0 2]
train	20200410143413	9	8	0.9375	[0 2 2 2 0 2 1 2]	[0 2 2 2 1 2 2 2]
train	20200410143424	9	9	0.9444444	[2 2 1 0 0 2 1 1]	[2 2 1 0 0 2 1 1]
train	20200410143435	9	10	0.95	[2 0 2 2 2 0 2 2]	[2 0 2 2 2 0 2 2]
train	20200410143447	9	11	0.95454544	[0 2 2 2 0 2 1 1]	[0 2 2 2 0 2 1 1]
train	20200410143457	9	12	0.9583333	[0 0 2 0 0 2 2 0]	[0 0 2 0 0 2 2 0]
train	20200410143508	9	13	0.9519231	[2 2 1 2 0 2 2 2]	[2 2 1 2 1 2 2 2]
train	20200410143519	9	14	0.9464286	[1 1 0 1 1 2 2 1]	[1 1 0 1 1 1 2 1]
train	20200410143529	9	15	0.95	[0 2 2 2 0 2 2 1]	[0 2 2 2 0 2 2 1]
train	20200410143540	9	16	0.953125	[1 2 2 0 2 0 2 2]	[1 2 2 0 2 0 2 2]
train	20200410143551	9	17	0.9558824	[0 0 2 0 2 1 2 2]	[0 0 2 0 2 1 2 2]
train	20200410143602	9	18	0.9583333	[2 0 2 2 0 0 2 0]	[2 0 2 2 0 0 2 0]
train	20200410143613	9	19	0.9605263	[2 1 1 0 2 0 2 2]	[2 1 1 0 2 0 2 2]
train	20200410143624	9	20	0.9625	[1 2 0 2 0 1 2 2]	[1 2 0 2 0 1 2 2]
train	20200410143635	9	21	0.96428573	[0 2 0 2 2 2 2 2]	[0 2 0 2 2 2 2 2]
train	20200410143645	9	22	0.96590906	[2 2 0 0 1 2 0 0]	[2 2 0 0 1 2 0 0]
train	20200410143656	9	23	0.9673913	[2 1 1 0 0 2 2 1]	[2 1 1 0 0 2 2 1]
train	20200410143707	9	24	0.9635417	[1 2 1 1 2 1 1 1]	[1 1 1 1 2 1 1 1]
train	20200410143718	9	25	0.96	[2 2 0 1 0 1 1 0]	[2 1 0 1 0 1 1 0]
train	20200410143729	9	26	0.9519231	[2 2 0 2 1 1 2 2]	[2 2 0 2 0 0 2 2]
train	20200410143740	9	27	0.9537037	[1 0 2 0 1 0 2 1]	[1 0 2 0 1 0 2 1]
train	20200410143751	9	28	0.95535713	[0 0 0 1 1 0 1 2]	[0 0 0 1 1 0 1 2]
train	20200410143804	9	29	0.95689654	[1 0 1 1 0 2 0 0]	[1 0 1 1 0 2 0 0]
train	20200410143815	9	30	0.9583333	[1 0 2 1 1 2 2 0]	[1 0 2 1 1 2 2 0]
train	20200410143827	9	31	0.9596774	[2 1 2 2 2 2 0 1]	[2 1 2 2 2 2 0 1]
train	20200410143838	9	32	0.9609375	[1 1 1 1 1 2 2 0]	[1 1 1 1 1 2 2 0]
train	20200410143849	9	33	0.9621212	[2 1 1 2 2 1 1 0]	[2 1 1 2 2 1 1 0]
train	20200410143859	9	34	0.9632353	[2 1 2 0 2 1 2 0]	[2 1 2 0 2 1 2 0]
train	20200410143910	9	35	0.96428573	[1 0 1 2 2 0 2 2]	[1 0 1 2 2 0 2 2]
train	20200410143921	9	36	0.9652778	[2 1 2 1 0 2 2 2]	[2 1 2 1 0 2 2 2]
train	20200410143932	9	37	0.9662162	[2 2 2 2 2 2 1 2]	[2 2 2 2 2 2 1 2]
train	20200410143943	9	38	0.96710527	[2 2 2 1 1 0 1 2]	[2 2 2 1 1 0 1 2]
train	20200410143954	9	39	0.96794873	[2 0 2 0 2 1 2 2]	[2 0 2 0 2 1 2 2]
train	20200410144005	9	40	0.96875	[2 1 1 1 2 0 2 0]	[2 1 1 1 2 0 2 0]
train	20200410144015	9	41	0.9695122	[1 1 0 0 2 0 2 1]	[1 1 0 0 2 0 2 1]
train	20200410144026	9	42	0.9672619	[2 0 0 2 0 1 2 2]	[2 0 0 2 1 1 2 2]
train	20200410144038	9	43	0.96802324	[0 0 1 0 2 2 2 0]	[0 0 1 0 2 2 2 0]
train	20200410144049	9	44	0.96875	[2 2 2 2 0 2 2 2]	[2 2 2 2 0 2 2 2]
train	20200410144101	9	45	0.96944445	[2 1 0 1 2 2 2 2]	[2 1 0 1 2 2 2 2]
train	20200410144111	9	46	0.9701087	[2 0 2 2 0 2 1 0]	[2 0 2 2 0 2 1 0]
train	20200410144122	9	47	0.97074467	[2 0 2 0 1 2 1 1]	[2 0 2 0 1 2 1 1]
train	20200410144133	9	48	0.9713542	[2 0 1 0 0 0 2 1]	[2 0 1 0 0 0 2 1]
train	20200410144143	9	49	0.9719388	[0 2 2 0 0 2 2 2]	[0 2 2 0 0 2 2 2]
train	20200410144154	9	50	0.9725	[0 1 2 2 2 1 1 0]	[0 1 2 2 2 1 1 0]
train	20200410144205	9	51	0.9730392	[0 2 2 2 1 0 2 0]	[0 2 2 2 1 0 2 0]
train	20200410144216	9	52	0.9735577	[0 2 2 0 0 0 0 1]	[0 2 2 0 0 0 0 1]
train	20200410144227	9	53	0.9740566	[0 0 1 2 1 1 0 2]	[0 0 1 2 1 1 0 2]
train	20200410144239	9	54	0.974537	[0 2 2 1 1 0 2 0]	[0 2 2 1 1 0 2 0]
train	20200410144250	9	55	0.975	[0 1 2 0 1 2 2 0]	[0 1 2 0 1 2 2 0]
train	20200410144301	9	56	0.9754464	[2 1 2 2 2 0 2 2]	[2 1 2 2 2 0 2 2]
train	20200410144312	9	57	0.97587717	[2 2 0 1 0 0 0 1]	[2 2 0 1 0 0 0 1]
train	20200410144319	9	58	0.97613883	[2 2 0 1 0]	[2 2 0 1 0]
train	20200410144457	10	1	1.0	[2 2 1 1 2 2 1 2]	[2 2 1 1 2 2 1 2]
train	20200410144508	10	2	1.0	[0 2 0 0 2 1 2 0]	[0 2 0 0 2 1 2 0]
train	20200410144519	10	3	1.0	[1 0 1 2 2 1 0 2]	[1 0 1 2 2 1 0 2]
train	20200410144530	10	4	1.0	[1 1 2 2 2 0 1 2]	[1 1 2 2 2 0 1 2]
train	20200410144541	10	5	1.0	[0 2 2 0 0 1 0 2]	[0 2 2 0 0 1 0 2]
train	20200410144552	10	6	1.0	[2 1 0 0 0 2 2 2]	[2 1 0 0 0 2 2 2]
train	20200410144603	10	7	1.0	[2 0 2 0 2 0 0 2]	[2 0 2 0 2 0 0 2]
train	20200410144615	10	8	1.0	[0 2 2 2 1 2 2 2]	[0 2 2 2 1 2 2 2]
train	20200410144627	10	9	1.0	[2 2 1 0 0 2 1 1]	[2 2 1 0 0 2 1 1]
train	20200410144639	10	10	1.0	[2 0 2 2 2 0 2 2]	[2 0 2 2 2 0 2 2]
train	20200410144650	10	11	0.9886364	[0 2 2 2 0 2 1 2]	[0 2 2 2 0 2 1 1]
train	20200410144701	10	12	0.9791667	[0 0 2 0 1 2 2 0]	[0 0 2 0 0 2 2 0]
train	20200410144712	10	13	0.9807692	[2 2 1 2 1 2 2 2]	[2 2 1 2 1 2 2 2]
train	20200410144726	10	14	0.98214287	[1 1 0 1 1 1 2 1]	[1 1 0 1 1 1 2 1]
train	20200410144742	10	15	0.98333335	[0 2 2 2 0 2 2 1]	[0 2 2 2 0 2 2 1]
train	20200410144802	10	16	0.984375	[1 2 2 0 2 0 2 2]	[1 2 2 0 2 0 2 2]
train	20200410144823	10	17	0.9852941	[0 0 2 0 2 1 2 2]	[0 0 2 0 2 1 2 2]
train	20200410144844	10	18	0.9861111	[2 0 2 2 0 0 2 0]	[2 0 2 2 0 0 2 0]
train	20200410144857	10	19	0.9868421	[2 1 1 0 2 0 2 2]	[2 1 1 0 2 0 2 2]
train	20200410144907	10	20	0.9875	[1 2 0 2 0 1 2 2]	[1 2 0 2 0 1 2 2]
train	20200410144917	10	21	0.9880952	[0 2 0 2 2 2 2 2]	[0 2 0 2 2 2 2 2]
train	20200410144928	10	22	0.9886364	[2 2 0 0 1 2 0 0]	[2 2 0 0 1 2 0 0]
train	20200410144939	10	23	0.98913044	[2 1 1 0 0 2 2 1]	[2 1 1 0 0 2 2 1]
train	20200410144950	10	24	0.9895833	[1 1 1 1 2 1 1 1]	[1 1 1 1 2 1 1 1]
train	20200410145001	10	25	0.99	[2 1 0 1 0 1 1 0]	[2 1 0 1 0 1 1 0]
train	20200410145011	10	26	0.99038464	[2 2 0 2 0 0 2 2]	[2 2 0 2 0 0 2 2]
train	20200410145022	10	27	0.9907407	[1 0 2 0 1 0 2 1]	[1 0 2 0 1 0 2 1]
train	20200410145032	10	28	0.9910714	[0 0 0 1 1 0 1 2]	[0 0 0 1 1 0 1 2]
train	20200410145043	10	29	0.9913793	[1 0 1 1 0 2 0 0]	[1 0 1 1 0 2 0 0]
train	20200410145053	10	30	0.9916667	[1 0 2 1 1 2 2 0]	[1 0 2 1 1 2 2 0]
train	20200410145104	10	31	0.9919355	[2 1 2 2 2 2 0 1]	[2 1 2 2 2 2 0 1]
train	20200410145114	10	32	0.9921875	[1 1 1 1 1 2 2 0]	[1 1 1 1 1 2 2 0]
train	20200410145125	10	33	0.99242425	[2 1 1 2 2 1 1 0]	[2 1 1 2 2 1 1 0]
train	20200410145136	10	34	0.99264705	[2 1 2 0 2 1 2 0]	[2 1 2 0 2 1 2 0]
train	20200410145147	10	35	0.99285716	[1 0 1 2 2 0 2 2]	[1 0 1 2 2 0 2 2]
train	20200410145158	10	36	0.9930556	[2 1 2 1 0 2 2 2]	[2 1 2 1 0 2 2 2]
train	20200410145209	10	37	0.9932432	[2 2 2 2 2 2 1 2]	[2 2 2 2 2 2 1 2]
train	20200410145220	10	38	0.9934211	[2 2 2 1 1 0 1 2]	[2 2 2 1 1 0 1 2]
train	20200410145232	10	39	0.99358976	[2 0 2 0 2 1 2 2]	[2 0 2 0 2 1 2 2]
train	20200410145244	10	40	0.99375	[2 1 1 1 2 0 2 0]	[2 1 1 1 2 0 2 0]
train	20200410145255	10	41	0.99390244	[1 1 0 0 2 0 2 1]	[1 1 0 0 2 0 2 1]
train	20200410145305	10	42	0.99404764	[2 0 0 2 1 1 2 2]	[2 0 0 2 1 1 2 2]
train	20200410145315	10	43	0.99418604	[0 0 1 0 2 2 2 0]	[0 0 1 0 2 2 2 0]
train	20200410145326	10	44	0.99147725	[1 2 2 2 0 2 2 2]	[2 2 2 2 0 2 2 2]
train	20200410145337	10	45	0.9916667	[2 1 0 1 2 2 2 2]	[2 1 0 1 2 2 2 2]
train	20200410145347	10	46	0.9918478	[2 0 2 2 0 2 1 0]	[2 0 2 2 0 2 1 0]
train	20200410145357	10	47	0.99202126	[2 0 2 0 1 2 1 1]	[2 0 2 0 1 2 1 1]
train	20200410145409	10	48	0.9921875	[2 0 1 0 0 0 2 1]	[2 0 1 0 0 0 2 1]
train	20200410145420	10	49	0.99234694	[0 2 2 0 0 2 2 2]	[0 2 2 0 0 2 2 2]
train	20200410145433	10	50	0.9925	[0 1 2 2 2 1 1 0]	[0 1 2 2 2 1 1 0]
train	20200410145444	10	51	0.99264705	[0 2 2 2 1 0 2 0]	[0 2 2 2 1 0 2 0]
train	20200410145455	10	52	0.99278843	[0 2 2 0 0 0 0 1]	[0 2 2 0 0 0 0 1]
train	20200410145506	10	53	0.9929245	[0 0 1 2 1 1 0 2]	[0 0 1 2 1 1 0 2]
train	20200410145516	10	54	0.9930556	[0 2 2 1 1 0 2 0]	[0 2 2 1 1 0 2 0]
train	20200410145528	10	55	0.9931818	[0 1 2 0 1 2 2 0]	[0 1 2 0 1 2 2 0]
train	20200410145539	10	56	0.9933036	[2 1 2 2 2 0 2 2]	[2 1 2 2 2 0 2 2]
train	20200410145549	10	57	0.9934211	[2 2 0 1 0 0 0 1]	[2 2 0 1 0 0 0 1]
train	20200410145557	10	58	0.9934924	[2 2 0 1 0]	[2 2 0 1 0]
train	20200410145730	11	1	1.0	[2 2 1 1 2 2 1 2]	[2 2 1 1 2 2 1 2]
train	20200410145742	11	2	1.0	[0 2 0 0 2 1 2 0]	[0 2 0 0 2 1 2 0]
train	20200410150225	11	3	1.0	[1 0 1 2 2 1 0 2]	[1 0 1 2 2 1 0 2]
train	20200410150234	11	4	1.0	[1 1 2 2 2 0 1 2]	[1 1 2 2 2 0 1 2]
train	20200410150246	11	5	1.0	[0 2 2 0 0 1 0 2]	[0 2 2 0 0 1 0 2]
train	20200410150256	11	6	1.0	[2 1 0 0 0 2 2 2]	[2 1 0 0 0 2 2 2]
train	20200410150307	11	7	1.0	[2 0 2 0 2 0 0 2]	[2 0 2 0 2 0 0 2]
train	20200410150318	11	8	1.0	[0 2 2 2 1 2 2 2]	[0 2 2 2 1 2 2 2]
train	20200410150329	11	9	1.0	[2 2 1 0 0 2 1 1]	[2 2 1 0 0 2 1 1]
train	20200410150340	11	10	1.0	[2 0 2 2 2 0 2 2]	[2 0 2 2 2 0 2 2]
train	20200410150351	11	11	1.0	[0 2 2 2 0 2 1 1]	[0 2 2 2 0 2 1 1]
train	20200410150401	11	12	1.0	[0 0 2 0 0 2 2 0]	[0 0 2 0 0 2 2 0]
train	20200410150411	11	13	1.0	[2 2 1 2 1 2 2 2]	[2 2 1 2 1 2 2 2]
train	20200410150421	11	14	1.0	[1 1 0 1 1 1 2 1]	[1 1 0 1 1 1 2 1]
train	20200410150432	11	15	1.0	[0 2 2 2 0 2 2 1]	[0 2 2 2 0 2 2 1]
train	20200410150442	11	16	1.0	[1 2 2 0 2 0 2 2]	[1 2 2 0 2 0 2 2]
train	20200410150453	11	17	1.0	[0 0 2 0 2 1 2 2]	[0 0 2 0 2 1 2 2]
train	20200410150504	11	18	1.0	[2 0 2 2 0 0 2 0]	[2 0 2 2 0 0 2 0]
train	20200410150514	11	19	1.0	[2 1 1 0 2 0 2 2]	[2 1 1 0 2 0 2 2]
train	20200410150525	11	20	1.0	[1 2 0 2 0 1 2 2]	[1 2 0 2 0 1 2 2]
train	20200410150536	11	21	1.0	[0 2 0 2 2 2 2 2]	[0 2 0 2 2 2 2 2]
train	20200410150547	11	22	1.0	[2 2 0 0 1 2 0 0]	[2 2 0 0 1 2 0 0]
train	20200410150558	11	23	1.0	[2 1 1 0 0 2 2 1]	[2 1 1 0 0 2 2 1]
train	20200410150608	11	24	1.0	[1 1 1 1 2 1 1 1]	[1 1 1 1 2 1 1 1]
train	20200410150620	11	25	1.0	[2 1 0 1 0 1 1 0]	[2 1 0 1 0 1 1 0]
train	20200410150631	11	26	1.0	[2 2 0 2 0 0 2 2]	[2 2 0 2 0 0 2 2]
train	20200410150642	11	27	1.0	[1 0 2 0 1 0 2 1]	[1 0 2 0 1 0 2 1]
train	20200410150652	11	28	1.0	[0 0 0 1 1 0 1 2]	[0 0 0 1 1 0 1 2]
train	20200410150703	11	29	1.0	[1 0 1 1 0 2 0 0]	[1 0 1 1 0 2 0 0]
train	20200410150714	11	30	1.0	[1 0 2 1 1 2 2 0]	[1 0 2 1 1 2 2 0]
train	20200410150725	11	31	1.0	[2 1 2 2 2 2 0 1]	[2 1 2 2 2 2 0 1]
train	20200410150735	11	32	1.0	[1 1 1 1 1 2 2 0]	[1 1 1 1 1 2 2 0]
train	20200410150746	11	33	1.0	[2 1 1 2 2 1 1 0]	[2 1 1 2 2 1 1 0]
train	20200410150757	11	34	1.0	[2 1 2 0 2 1 2 0]	[2 1 2 0 2 1 2 0]
train	20200410150808	11	35	1.0	[1 0 1 2 2 0 2 2]	[1 0 1 2 2 0 2 2]
train	20200410150819	11	36	1.0	[2 1 2 1 0 2 2 2]	[2 1 2 1 0 2 2 2]
train	20200410150830	11	37	1.0	[2 2 2 2 2 2 1 2]	[2 2 2 2 2 2 1 2]
train	20200410150842	11	38	1.0	[2 2 2 1 1 0 1 2]	[2 2 2 1 1 0 1 2]
train	20200410150853	11	39	1.0	[2 0 2 0 2 1 2 2]	[2 0 2 0 2 1 2 2]
train	20200410150904	11	40	1.0	[2 1 1 1 2 0 2 0]	[2 1 1 1 2 0 2 0]
train	20200410150914	11	41	1.0	[1 1 0 0 2 0 2 1]	[1 1 0 0 2 0 2 1]
train	20200410150925	11	42	1.0	[2 0 0 2 1 1 2 2]	[2 0 0 2 1 1 2 2]
train	20200410150936	11	43	1.0	[0 0 1 0 2 2 2 0]	[0 0 1 0 2 2 2 0]
train	20200410150947	11	44	1.0	[2 2 2 2 0 2 2 2]	[2 2 2 2 0 2 2 2]
train	20200410150958	11	45	1.0	[2 1 0 1 2 2 2 2]	[2 1 0 1 2 2 2 2]
train	20200410151008	11	46	1.0	[2 0 2 2 0 2 1 0]	[2 0 2 2 0 2 1 0]
train	20200410151019	11	47	1.0	[2 0 2 0 1 2 1 1]	[2 0 2 0 1 2 1 1]
train	20200410151029	11	48	1.0	[2 0 1 0 0 0 2 1]	[2 0 1 0 0 0 2 1]
train	20200410151040	11	49	1.0	[0 2 2 0 0 2 2 2]	[0 2 2 0 0 2 2 2]
train	20200410151050	11	50	1.0	[0 1 2 2 2 1 1 0]	[0 1 2 2 2 1 1 0]
train	20200410151102	11	51	1.0	[0 2 2 2 1 0 2 0]	[0 2 2 2 1 0 2 0]
train	20200410151112	11	52	1.0	[0 2 2 0 0 0 0 1]	[0 2 2 0 0 0 0 1]
train	20200410151123	11	53	1.0	[0 0 1 2 1 1 0 2]	[0 0 1 2 1 1 0 2]
train	20200410151133	11	54	1.0	[0 2 2 1 1 0 2 0]	[0 2 2 1 1 0 2 0]
train	20200410151143	11	55	1.0	[0 1 2 0 1 2 2 0]	[0 1 2 0 1 2 2 0]
train	20200410151153	11	56	1.0	[2 1 2 2 2 0 2 2]	[2 1 2 2 2 0 2 2]
train	20200410151204	11	57	1.0	[2 2 0 1 0 0 0 1]	[2 2 0 1 0 0 0 1]
train	20200410151210	11	58	1.0	[2 2 0 1 0]	[2 2 0 1 0]
train	20200410151342	12	1	1.0	[2 2 1 1 2 2 1 2]	[2 2 1 1 2 2 1 2]
train	20200410151353	12	2	1.0	[0 2 0 0 2 1 2 0]	[0 2 0 0 2 1 2 0]
train	20200410151403	12	3	1.0	[1 0 1 2 2 1 0 2]	[1 0 1 2 2 1 0 2]
train	20200410151414	12	4	1.0	[1 1 2 2 2 0 1 2]	[1 1 2 2 2 0 1 2]
train	20200410151425	12	5	1.0	[0 2 2 0 0 1 0 2]	[0 2 2 0 0 1 0 2]
train	20200410151436	12	6	1.0	[2 1 0 0 0 2 2 2]	[2 1 0 0 0 2 2 2]
train	20200410151447	12	7	1.0	[2 0 2 0 2 0 0 2]	[2 0 2 0 2 0 0 2]
train	20200410151457	12	8	1.0	[0 2 2 2 1 2 2 2]	[0 2 2 2 1 2 2 2]
train	20200410151507	12	9	1.0	[2 2 1 0 0 2 1 1]	[2 2 1 0 0 2 1 1]
train	20200410151518	12	10	1.0	[2 0 2 2 2 0 2 2]	[2 0 2 2 2 0 2 2]
train	20200410151528	12	11	1.0	[0 2 2 2 0 2 1 1]	[0 2 2 2 0 2 1 1]
train	20200410151539	12	12	1.0	[0 0 2 0 0 2 2 0]	[0 0 2 0 0 2 2 0]
train	20200410151549	12	13	1.0	[2 2 1 2 1 2 2 2]	[2 2 1 2 1 2 2 2]
train	20200410151600	12	14	1.0	[1 1 0 1 1 1 2 1]	[1 1 0 1 1 1 2 1]
train	20200410151610	12	15	1.0	[0 2 2 2 0 2 2 1]	[0 2 2 2 0 2 2 1]
train	20200410151621	12	16	1.0	[1 2 2 0 2 0 2 2]	[1 2 2 0 2 0 2 2]
train	20200410151632	12	17	1.0	[0 0 2 0 2 1 2 2]	[0 0 2 0 2 1 2 2]
train	20200410151642	12	18	1.0	[2 0 2 2 0 0 2 0]	[2 0 2 2 0 0 2 0]
train	20200410151653	12	19	1.0	[2 1 1 0 2 0 2 2]	[2 1 1 0 2 0 2 2]
train	20200410151705	12	20	1.0	[1 2 0 2 0 1 2 2]	[1 2 0 2 0 1 2 2]
train	20200410151716	12	21	1.0	[0 2 0 2 2 2 2 2]	[0 2 0 2 2 2 2 2]
train	20200410151726	12	22	1.0	[2 2 0 0 1 2 0 0]	[2 2 0 0 1 2 0 0]
train	20200410151737	12	23	1.0	[2 1 1 0 0 2 2 1]	[2 1 1 0 0 2 2 1]
train	20200410151748	12	24	1.0	[1 1 1 1 2 1 1 1]	[1 1 1 1 2 1 1 1]
train	20200410151759	12	25	1.0	[2 1 0 1 0 1 1 0]	[2 1 0 1 0 1 1 0]
train	20200410151810	12	26	1.0	[2 2 0 2 0 0 2 2]	[2 2 0 2 0 0 2 2]
